<?xml version="1.0" encoding="UTF-8"?>
<!-- Generated by org.testng.reporters.JUnitReportReporter -->
<testsuite hostname="Debolina" failures="0" tests="3" name="Hibiscus.DemoFirstMaven" time="0.016" errors="0" timestamp="2023-03-13T16:07:57 IST" skipped="0">
  <testcase classname="Hibiscus.DemoFirstMaven" name="login" time="0.010"/>
  <system-out/>
  <testcase classname="Hibiscus.DemoFirstMaven" name="search" time="0.003"/>
  <system-out/>
  <testcase classname="Hibiscus.DemoFirstMaven" name="homepage" time="0.003"/>
  <system-out/>
</testsuite> <!-- Hibiscus.DemoFirstMaven -->
