<?xml version="1.0" encoding="UTF-8"?>
<!-- Generated by org.testng.reporters.JUnitReportReporter -->
<testsuite hostname="Debolina" failures="0" tests="4" name="Hibiscus.Demo" time="77.857" errors="0" timestamp="2023-03-17T20:59:50 IST" skipped="1">
  <testcase classname="Hibiscus.Demo" name="login" time="23.339"/>
  <system-out/>
  <testcase classname="Hibiscus.Demo" name="Admin" time="47.071"/>
  <system-out/>
  <testcase classname="Hibiscus.Demo" name="logout" time="7.447"/>
  <system-out/>
  <testcase classname="Hibiscus.Demo" name="linkpresent">
    <skipped/>
  </testcase> <!-- linkpresent -->
  <system-out/>
</testsuite> <!-- Hibiscus.Demo -->
