<?xml version="1.0" encoding="UTF-8"?>
<!-- Generated by org.testng.reporters.JUnitReportReporter -->
<testsuite hostname="Debolina" failures="0" tests="2" name="Hibiscus.Guru99" time="49.274" errors="0" timestamp="2023-03-20T11:00:39 IST" skipped="0">
  <testcase classname="Hibiscus.Guru99" name="login" time="9.111"/>
  <system-out/>
  <testcase classname="Hibiscus.Guru99" name="register" time="40.163"/>
  <system-out/>
</testsuite> <!-- Hibiscus.Guru99 -->
